2019-07-11 22:21:29.169 [main] INFO -c.y.j.JpademoApplication - Starting JpademoApplication on DESKTOP-7PJL8GN with PID 1880 (D:\mywork\jpademo\target\classes started by 圣 in D:\mywork\jpademo)
2019-07-11 22:21:29.171 [main] INFO -c.y.j.JpademoApplication - No active profile set, falling back to default profiles: default
2019-07-11 22:21:29.664 [main] INFO -o.s.d.r.c.RepositoryConfigurationDelegate - Bootstrapping Spring Data repositories in DEFAULT mode.
2019-07-11 22:21:29.713 [main] INFO -o.s.d.r.c.RepositoryConfigurationDelegate - Finished Spring Data repository scanning in 43ms. Found 1 repository interfaces.
2019-07-11 22:21:29.916 [main] INFO -o.s.c.s.PostProcessorRegistrationDelegate$BeanPostProcessorChecker - Bean 'org.springframework.transaction.annotation.ProxyTransactionManagementConfiguration' of type [org.springframework.transaction.annotation.ProxyTransactionManagementConfiguration$$EnhancerBySpringCGLIB$$133658ba] is not eligible for getting processed by all BeanPostProcessors (for example: not eligible for auto-proxying)
2019-07-11 22:21:30.158 [main] INFO -o.s.b.w.e.t.TomcatWebServer - Tomcat initialized with port(s): 8080 (http)
2019-07-11 22:21:30.170 [main] INFO -o.a.c.h.Http11NioProtocol - Initializing ProtocolHandler ["http-nio-8080"]
2019-07-11 22:21:30.177 [main] INFO -o.a.c.c.StandardService - Starting service [Tomcat]
2019-07-11 22:21:30.177 [main] INFO -o.a.c.c.StandardEngine - Starting Servlet engine: [Apache Tomcat/9.0.19]
2019-07-11 22:21:30.304 [main] INFO -o.a.c.c.C.[.[.[/] - Initializing Spring embedded WebApplicationContext
2019-07-11 22:21:30.304 [main] INFO -o.s.w.c.ContextLoader - Root WebApplicationContext: initialization completed in 1103 ms
2019-07-11 22:21:30.488 [main] INFO -c.a.d.p.DruidDataSource - {dataSource-1} inited
2019-07-11 22:21:30.648 [main] INFO -o.h.j.i.u.LogHelper - HHH000204: Processing PersistenceUnitInfo [
	name: default
	...]
2019-07-11 22:21:30.683 [main] INFO -o.h.Version - HHH000412: Hibernate Core {5.3.10.Final}
2019-07-11 22:21:30.684 [main] INFO -o.h.c.Environment - HHH000206: hibernate.properties not found
2019-07-11 22:21:30.761 [main] INFO -o.h.a.c.Version - HCANN000001: Hibernate Commons Annotations {5.0.4.Final}
2019-07-11 22:21:30.854 [main] INFO -o.h.d.Dialect - HHH000400: Using dialect: org.hibernate.dialect.MySQL5Dialect
2019-07-11 22:21:31.208 [main] INFO -o.s.o.j.LocalContainerEntityManagerFactoryBean - Initialized JPA EntityManagerFactory for persistence unit 'default'
2019-07-11 22:21:31.502 [main] INFO -o.s.s.c.ThreadPoolTaskExecutor - Initializing ExecutorService 'applicationTaskExecutor'
2019-07-11 22:21:31.647 [main] INFO -o.a.c.h.Http11NioProtocol - Starting ProtocolHandler ["http-nio-8080"]
2019-07-11 22:21:31.664 [main] INFO -o.s.b.w.e.t.TomcatWebServer - Tomcat started on port(s): 8080 (http) with context path ''
2019-07-11 22:21:31.666 [main] INFO -c.y.j.JpademoApplication - Started JpademoApplication in 2.831 seconds (JVM running for 3.622)
2019-07-11 22:24:14.827 [http-nio-8080-exec-2] INFO -o.a.c.c.C.[.[.[/] - Initializing Spring DispatcherServlet 'dispatcherServlet'
2019-07-11 22:24:14.828 [http-nio-8080-exec-2] INFO -o.s.w.s.DispatcherServlet - Initializing Servlet 'dispatcherServlet'
2019-07-11 22:24:14.834 [http-nio-8080-exec-2] INFO -o.s.w.s.DispatcherServlet - Completed initialization in 6 ms
2019-07-11 22:50:34.785 [main] INFO -c.y.j.JpademoApplication - Starting JpademoApplication on DESKTOP-7PJL8GN with PID 16464 (D:\mywork\jpademo\target\classes started by 圣 in D:\mywork\jpademo)
2019-07-11 22:50:34.787 [main] INFO -c.y.j.JpademoApplication - No active profile set, falling back to default profiles: default
2019-07-11 22:50:35.361 [main] INFO -o.s.d.r.c.RepositoryConfigurationDelegate - Bootstrapping Spring Data repositories in DEFAULT mode.
2019-07-11 22:50:35.426 [main] INFO -o.s.d.r.c.RepositoryConfigurationDelegate - Finished Spring Data repository scanning in 58ms. Found 1 repository interfaces.
2019-07-11 22:50:35.683 [main] INFO -o.s.c.s.PostProcessorRegistrationDelegate$BeanPostProcessorChecker - Bean 'org.springframework.transaction.annotation.ProxyTransactionManagementConfiguration' of type [org.springframework.transaction.annotation.ProxyTransactionManagementConfiguration$$EnhancerBySpringCGLIB$$dafb7aa3] is not eligible for getting processed by all BeanPostProcessors (for example: not eligible for auto-proxying)
2019-07-11 22:50:35.917 [main] INFO -o.s.b.w.e.t.TomcatWebServer - Tomcat initialized with port(s): 8080 (http)
2019-07-11 22:50:35.929 [main] INFO -o.a.c.h.Http11NioProtocol - Initializing ProtocolHandler ["http-nio-8080"]
2019-07-11 22:50:35.936 [main] INFO -o.a.c.c.StandardService - Starting service [Tomcat]
2019-07-11 22:50:35.936 [main] INFO -o.a.c.c.StandardEngine - Starting Servlet engine: [Apache Tomcat/9.0.19]
2019-07-11 22:50:36.036 [main] INFO -o.a.c.c.C.[.[.[/] - Initializing Spring embedded WebApplicationContext
2019-07-11 22:50:36.037 [main] INFO -o.s.w.c.ContextLoader - Root WebApplicationContext: initialization completed in 1200 ms
2019-07-11 22:50:36.261 [main] INFO -c.a.d.p.DruidDataSource - {dataSource-1} inited
2019-07-11 22:50:36.440 [main] INFO -o.h.j.i.u.LogHelper - HHH000204: Processing PersistenceUnitInfo [
	name: default
	...]
2019-07-11 22:50:36.491 [main] INFO -o.h.Version - HHH000412: Hibernate Core {5.3.10.Final}
2019-07-11 22:50:36.493 [main] INFO -o.h.c.Environment - HHH000206: hibernate.properties not found
2019-07-11 22:50:36.602 [main] INFO -o.h.a.c.Version - HCANN000001: Hibernate Commons Annotations {5.0.4.Final}
2019-07-11 22:50:36.721 [main] INFO -o.h.d.Dialect - HHH000400: Using dialect: org.hibernate.dialect.MySQL5Dialect
2019-07-11 22:50:37.162 [main] INFO -o.s.o.j.LocalContainerEntityManagerFactoryBean - Initialized JPA EntityManagerFactory for persistence unit 'default'
2019-07-11 22:50:37.566 [main] INFO -o.s.s.c.ThreadPoolTaskExecutor - Initializing ExecutorService 'applicationTaskExecutor'
2019-07-11 22:50:37.797 [main] INFO -o.a.c.h.Http11NioProtocol - Starting ProtocolHandler ["http-nio-8080"]
2019-07-11 22:50:37.823 [main] INFO -o.s.b.w.e.t.TomcatWebServer - Tomcat started on port(s): 8080 (http) with context path ''
2019-07-11 22:50:37.825 [main] INFO -c.y.j.JpademoApplication - Started JpademoApplication in 3.419 seconds (JVM running for 5.135)
2019-07-11 22:51:01.402 [http-nio-8080-exec-1] INFO -o.a.c.c.C.[.[.[/] - Initializing Spring DispatcherServlet 'dispatcherServlet'
2019-07-11 22:51:01.402 [http-nio-8080-exec-1] INFO -o.s.w.s.DispatcherServlet - Initializing Servlet 'dispatcherServlet'
2019-07-11 22:51:01.409 [http-nio-8080-exec-1] INFO -o.s.w.s.DispatcherServlet - Completed initialization in 7 ms
2019-07-11 22:52:12.693 [Thread-14] INFO -o.s.s.c.ThreadPoolTaskExecutor - Shutting down ExecutorService 'applicationTaskExecutor'
2019-07-11 22:52:12.695 [Thread-14] INFO -o.s.o.j.LocalContainerEntityManagerFactoryBean - Closing JPA EntityManagerFactory for persistence unit 'default'
2019-07-11 22:52:12.699 [Thread-14] INFO -c.a.d.p.DruidDataSource - {dataSource-1} closed
2019-07-11 22:52:18.914 [main] INFO -c.y.j.JpademoApplication - Starting JpademoApplication on DESKTOP-7PJL8GN with PID 20816 (D:\mywork\jpademo\target\classes started by 圣 in D:\mywork\jpademo)
2019-07-11 22:52:18.916 [main] INFO -c.y.j.JpademoApplication - No active profile set, falling back to default profiles: default
2019-07-11 22:52:19.409 [main] INFO -o.s.d.r.c.RepositoryConfigurationDelegate - Bootstrapping Spring Data repositories in DEFAULT mode.
2019-07-11 22:52:19.459 [main] INFO -o.s.d.r.c.RepositoryConfigurationDelegate - Finished Spring Data repository scanning in 44ms. Found 1 repository interfaces.
2019-07-11 22:52:19.658 [main] INFO -o.s.c.s.PostProcessorRegistrationDelegate$BeanPostProcessorChecker - Bean 'org.springframework.transaction.annotation.ProxyTransactionManagementConfiguration' of type [org.springframework.transaction.annotation.ProxyTransactionManagementConfiguration$$EnhancerBySpringCGLIB$$75920a57] is not eligible for getting processed by all BeanPostProcessors (for example: not eligible for auto-proxying)
2019-07-11 22:52:19.854 [main] INFO -o.s.b.w.e.t.TomcatWebServer - Tomcat initialized with port(s): 8080 (http)
2019-07-11 22:52:19.865 [main] INFO -o.a.c.h.Http11NioProtocol - Initializing ProtocolHandler ["http-nio-8080"]
2019-07-11 22:52:19.871 [main] INFO -o.a.c.c.StandardService - Starting service [Tomcat]
2019-07-11 22:52:19.871 [main] INFO -o.a.c.c.StandardEngine - Starting Servlet engine: [Apache Tomcat/9.0.19]
2019-07-11 22:52:19.959 [main] INFO -o.a.c.c.C.[.[.[/] - Initializing Spring embedded WebApplicationContext
2019-07-11 22:52:19.960 [main] INFO -o.s.w.c.ContextLoader - Root WebApplicationContext: initialization completed in 1009 ms
2019-07-11 22:52:20.114 [main] INFO -c.a.d.p.DruidDataSource - {dataSource-1} inited
2019-07-11 22:52:20.298 [main] INFO -o.h.j.i.u.LogHelper - HHH000204: Processing PersistenceUnitInfo [
	name: default
	...]
2019-07-11 22:52:20.335 [main] INFO -o.h.Version - HHH000412: Hibernate Core {5.3.10.Final}
2019-07-11 22:52:20.336 [main] INFO -o.h.c.Environment - HHH000206: hibernate.properties not found
2019-07-11 22:52:20.417 [main] INFO -o.h.a.c.Version - HCANN000001: Hibernate Commons Annotations {5.0.4.Final}
2019-07-11 22:52:20.498 [main] INFO -o.h.d.Dialect - HHH000400: Using dialect: org.hibernate.dialect.MySQL5Dialect
2019-07-11 22:52:20.836 [main] INFO -o.s.o.j.LocalContainerEntityManagerFactoryBean - Initialized JPA EntityManagerFactory for persistence unit 'default'
2019-07-11 22:52:21.134 [main] INFO -o.s.s.c.ThreadPoolTaskExecutor - Initializing ExecutorService 'applicationTaskExecutor'
2019-07-11 22:52:21.285 [main] INFO -o.a.c.h.Http11NioProtocol - Starting ProtocolHandler ["http-nio-8080"]
2019-07-11 22:52:21.303 [main] INFO -o.s.b.w.e.t.TomcatWebServer - Tomcat started on port(s): 8080 (http) with context path ''
2019-07-11 22:52:21.305 [main] INFO -c.y.j.JpademoApplication - Started JpademoApplication in 2.745 seconds (JVM running for 3.526)
2019-07-11 22:52:32.311 [http-nio-8080-exec-1] INFO -o.a.c.c.C.[.[.[/] - Initializing Spring DispatcherServlet 'dispatcherServlet'
2019-07-11 22:52:32.311 [http-nio-8080-exec-1] INFO -o.s.w.s.DispatcherServlet - Initializing Servlet 'dispatcherServlet'
2019-07-11 22:52:32.316 [http-nio-8080-exec-1] INFO -o.s.w.s.DispatcherServlet - Completed initialization in 5 ms
2019-07-11 22:53:25.122 [main] INFO -c.y.j.JpademoApplication - Starting JpademoApplication on DESKTOP-7PJL8GN with PID 1172 (D:\mywork\jpademo\target\classes started by 圣 in D:\mywork\jpademo)
2019-07-11 22:53:25.124 [main] INFO -c.y.j.JpademoApplication - No active profile set, falling back to default profiles: default
2019-07-11 22:53:25.618 [main] INFO -o.s.d.r.c.RepositoryConfigurationDelegate - Bootstrapping Spring Data repositories in DEFAULT mode.
2019-07-11 22:53:25.667 [main] INFO -o.s.d.r.c.RepositoryConfigurationDelegate - Finished Spring Data repository scanning in 44ms. Found 1 repository interfaces.
2019-07-11 22:53:25.861 [main] INFO -o.s.c.s.PostProcessorRegistrationDelegate$BeanPostProcessorChecker - Bean 'org.springframework.transaction.annotation.ProxyTransactionManagementConfiguration' of type [org.springframework.transaction.annotation.ProxyTransactionManagementConfiguration$$EnhancerBySpringCGLIB$$f76bcc45] is not eligible for getting processed by all BeanPostProcessors (for example: not eligible for auto-proxying)
2019-07-11 22:53:26.047 [main] INFO -o.s.b.w.e.t.TomcatWebServer - Tomcat initialized with port(s): 8080 (http)
2019-07-11 22:53:26.057 [main] INFO -o.a.c.h.Http11NioProtocol - Initializing ProtocolHandler ["http-nio-8080"]
2019-07-11 22:53:26.062 [main] INFO -o.a.c.c.StandardService - Starting service [Tomcat]
2019-07-11 22:53:26.063 [main] INFO -o.a.c.c.StandardEngine - Starting Servlet engine: [Apache Tomcat/9.0.19]
2019-07-11 22:53:26.155 [main] INFO -o.a.c.c.C.[.[.[/] - Initializing Spring embedded WebApplicationContext
2019-07-11 22:53:26.156 [main] INFO -o.s.w.c.ContextLoader - Root WebApplicationContext: initialization completed in 992 ms
2019-07-11 22:53:26.322 [main] INFO -c.a.d.p.DruidDataSource - {dataSource-1} inited
2019-07-11 22:53:26.483 [main] INFO -o.h.j.i.u.LogHelper - HHH000204: Processing PersistenceUnitInfo [
	name: default
	...]
2019-07-11 22:53:26.520 [main] INFO -o.h.Version - HHH000412: Hibernate Core {5.3.10.Final}
2019-07-11 22:53:26.521 [main] INFO -o.h.c.Environment - HHH000206: hibernate.properties not found
2019-07-11 22:53:26.605 [main] INFO -o.h.a.c.Version - HCANN000001: Hibernate Commons Annotations {5.0.4.Final}
2019-07-11 22:53:26.687 [main] INFO -o.h.d.Dialect - HHH000400: Using dialect: org.hibernate.dialect.MySQL5Dialect
2019-07-11 22:53:27.015 [main] INFO -o.s.o.j.LocalContainerEntityManagerFactoryBean - Initialized JPA EntityManagerFactory for persistence unit 'default'
2019-07-11 22:53:27.308 [main] INFO -o.s.s.c.ThreadPoolTaskExecutor - Initializing ExecutorService 'applicationTaskExecutor'
2019-07-11 22:53:27.463 [main] INFO -o.a.c.h.Http11NioProtocol - Starting ProtocolHandler ["http-nio-8080"]
2019-07-11 22:53:27.484 [main] INFO -o.s.b.w.e.t.TomcatWebServer - Tomcat started on port(s): 8080 (http) with context path ''
2019-07-11 22:53:27.485 [main] INFO -c.y.j.JpademoApplication - Started JpademoApplication in 2.716 seconds (JVM running for 3.479)
2019-07-11 22:53:33.781 [http-nio-8080-exec-1] INFO -o.a.c.c.C.[.[.[/] - Initializing Spring DispatcherServlet 'dispatcherServlet'
2019-07-11 22:53:33.781 [http-nio-8080-exec-1] INFO -o.s.w.s.DispatcherServlet - Initializing Servlet 'dispatcherServlet'
2019-07-11 22:53:33.786 [http-nio-8080-exec-1] INFO -o.s.w.s.DispatcherServlet - Completed initialization in 5 ms
