2019-07-11 21:45:41.328 [main] INFO -c.y.j.JpademoApplication - Starting JpademoApplication on DESKTOP-7PJL8GN with PID 2184 (D:\mywork\jpademo\target\classes started by 圣 in D:\mywork\jpademo)
2019-07-11 21:45:41.331 [main] INFO -c.y.j.JpademoApplication - No active profile set, falling back to default profiles: default
2019-07-11 21:45:41.895 [main] INFO -o.s.d.r.c.RepositoryConfigurationDelegate - Bootstrapping Spring Data repositories in DEFAULT mode.
2019-07-11 21:45:41.956 [main] INFO -o.s.d.r.c.RepositoryConfigurationDelegate - Finished Spring Data repository scanning in 55ms. Found 1 repository interfaces.
2019-07-11 21:45:42.193 [main] INFO -o.s.c.s.PostProcessorRegistrationDelegate$BeanPostProcessorChecker - Bean 'org.springframework.transaction.annotation.ProxyTransactionManagementConfiguration' of type [org.springframework.transaction.annotation.ProxyTransactionManagementConfiguration$$EnhancerBySpringCGLIB$$cce22456] is not eligible for getting processed by all BeanPostProcessors (for example: not eligible for auto-proxying)
2019-07-11 21:45:42.421 [main] INFO -o.s.b.w.e.t.TomcatWebServer - Tomcat initialized with port(s): 8080 (http)
2019-07-11 21:45:42.434 [main] INFO -o.a.c.h.Http11NioProtocol - Initializing ProtocolHandler ["http-nio-8080"]
2019-07-11 21:45:42.441 [main] INFO -o.a.c.c.StandardService - Starting service [Tomcat]
2019-07-11 21:45:42.441 [main] INFO -o.a.c.c.StandardEngine - Starting Servlet engine: [Apache Tomcat/9.0.19]
2019-07-11 21:45:42.539 [main] INFO -o.a.c.c.C.[.[.[/] - Initializing Spring embedded WebApplicationContext
2019-07-11 21:45:42.539 [main] INFO -o.s.w.c.ContextLoader - Root WebApplicationContext: initialization completed in 1166 ms
2019-07-11 21:45:42.726 [main] INFO -c.a.d.p.DruidDataSource - {dataSource-1} inited
2019-07-11 21:45:42.908 [main] INFO -o.h.j.i.u.LogHelper - HHH000204: Processing PersistenceUnitInfo [
	name: default
	...]
2019-07-11 21:45:42.992 [main] INFO -o.h.Version - HHH000412: Hibernate Core {5.3.10.Final}
2019-07-11 21:45:42.994 [main] INFO -o.h.c.Environment - HHH000206: hibernate.properties not found
2019-07-11 21:45:43.176 [main] INFO -o.h.a.c.Version - HCANN000001: Hibernate Commons Annotations {5.0.4.Final}
2019-07-11 21:45:43.326 [main] INFO -o.h.d.Dialect - HHH000400: Using dialect: org.hibernate.dialect.MySQL5Dialect
2019-07-11 21:45:43.772 [main] INFO -o.s.o.j.LocalContainerEntityManagerFactoryBean - Initialized JPA EntityManagerFactory for persistence unit 'default'
2019-07-11 21:45:44.088 [main] INFO -o.s.s.c.ThreadPoolTaskExecutor - Initializing ExecutorService 'applicationTaskExecutor'
2019-07-11 21:45:44.244 [main] INFO -o.a.c.h.Http11NioProtocol - Starting ProtocolHandler ["http-nio-8080"]
2019-07-11 21:45:44.261 [main] INFO -o.s.b.w.e.t.TomcatWebServer - Tomcat started on port(s): 8080 (http) with context path ''
2019-07-11 21:45:44.263 [main] INFO -c.y.j.JpademoApplication - Started JpademoApplication in 3.403 seconds (JVM running for 4.51)
2019-07-11 21:48:42.624 [http-nio-8080-exec-2] INFO -o.a.c.c.C.[.[.[/] - Initializing Spring DispatcherServlet 'dispatcherServlet'
2019-07-11 21:48:42.624 [http-nio-8080-exec-2] INFO -o.s.w.s.DispatcherServlet - Initializing Servlet 'dispatcherServlet'
2019-07-11 21:48:42.630 [http-nio-8080-exec-2] INFO -o.s.w.s.DispatcherServlet - Completed initialization in 6 ms
2019-07-11 21:53:18.386 [main] INFO -c.y.j.JpademoApplication - Starting JpademoApplication on DESKTOP-7PJL8GN with PID 19392 (D:\mywork\jpademo\target\classes started by 圣 in D:\mywork\jpademo)
2019-07-11 21:53:18.394 [main] INFO -c.y.j.JpademoApplication - No active profile set, falling back to default profiles: default
2019-07-11 21:53:18.938 [main] INFO -o.s.d.r.c.RepositoryConfigurationDelegate - Bootstrapping Spring Data repositories in DEFAULT mode.
2019-07-11 21:53:18.986 [main] INFO -o.s.d.r.c.RepositoryConfigurationDelegate - Finished Spring Data repository scanning in 43ms. Found 1 repository interfaces.
2019-07-11 21:53:19.184 [main] INFO -o.s.c.s.PostProcessorRegistrationDelegate$BeanPostProcessorChecker - Bean 'org.springframework.transaction.annotation.ProxyTransactionManagementConfiguration' of type [org.springframework.transaction.annotation.ProxyTransactionManagementConfiguration$$EnhancerBySpringCGLIB$$86e253e0] is not eligible for getting processed by all BeanPostProcessors (for example: not eligible for auto-proxying)
2019-07-11 21:53:19.375 [main] INFO -o.s.b.w.e.t.TomcatWebServer - Tomcat initialized with port(s): 8080 (http)
2019-07-11 21:53:19.385 [main] INFO -o.a.c.h.Http11NioProtocol - Initializing ProtocolHandler ["http-nio-8080"]
2019-07-11 21:53:19.393 [main] INFO -o.a.c.c.StandardService - Starting service [Tomcat]
2019-07-11 21:53:19.393 [main] INFO -o.a.c.c.StandardEngine - Starting Servlet engine: [Apache Tomcat/9.0.19]
2019-07-11 21:53:19.482 [main] INFO -o.a.c.c.C.[.[.[/] - Initializing Spring embedded WebApplicationContext
2019-07-11 21:53:19.482 [main] INFO -o.s.w.c.ContextLoader - Root WebApplicationContext: initialization completed in 1025 ms
2019-07-11 21:53:19.652 [main] INFO -c.a.d.p.DruidDataSource - {dataSource-1} inited
2019-07-11 21:53:19.815 [main] INFO -o.h.j.i.u.LogHelper - HHH000204: Processing PersistenceUnitInfo [
	name: default
	...]
2019-07-11 21:53:19.849 [main] INFO -o.h.Version - HHH000412: Hibernate Core {5.3.10.Final}
2019-07-11 21:53:19.850 [main] INFO -o.h.c.Environment - HHH000206: hibernate.properties not found
2019-07-11 21:53:19.932 [main] INFO -o.h.a.c.Version - HCANN000001: Hibernate Commons Annotations {5.0.4.Final}
2019-07-11 21:53:20.017 [main] INFO -o.h.d.Dialect - HHH000400: Using dialect: org.hibernate.dialect.MySQL5Dialect
2019-07-11 21:53:20.349 [main] INFO -o.s.o.j.LocalContainerEntityManagerFactoryBean - Initialized JPA EntityManagerFactory for persistence unit 'default'
2019-07-11 21:53:20.650 [main] INFO -o.s.s.c.ThreadPoolTaskExecutor - Initializing ExecutorService 'applicationTaskExecutor'
2019-07-11 21:53:20.815 [main] INFO -o.a.c.h.Http11NioProtocol - Starting ProtocolHandler ["http-nio-8080"]
2019-07-11 21:53:20.834 [main] INFO -o.s.b.w.e.t.TomcatWebServer - Tomcat started on port(s): 8080 (http) with context path ''
2019-07-11 21:53:20.836 [main] INFO -c.y.j.JpademoApplication - Started JpademoApplication in 2.948 seconds (JVM running for 3.73)
2019-07-11 21:53:31.099 [http-nio-8080-exec-1] INFO -o.a.c.c.C.[.[.[/] - Initializing Spring DispatcherServlet 'dispatcherServlet'
2019-07-11 21:53:31.099 [http-nio-8080-exec-1] INFO -o.s.w.s.DispatcherServlet - Initializing Servlet 'dispatcherServlet'
2019-07-11 21:53:31.105 [http-nio-8080-exec-1] INFO -o.s.w.s.DispatcherServlet - Completed initialization in 6 ms
2019-07-11 21:55:15.297 [main] INFO -c.y.j.JpademoApplication - Starting JpademoApplication on DESKTOP-7PJL8GN with PID 12032 (D:\mywork\jpademo\target\classes started by 圣 in D:\mywork\jpademo)
2019-07-11 21:55:15.300 [main] INFO -c.y.j.JpademoApplication - No active profile set, falling back to default profiles: default
2019-07-11 21:55:15.804 [main] INFO -o.s.d.r.c.RepositoryConfigurationDelegate - Bootstrapping Spring Data repositories in DEFAULT mode.
2019-07-11 21:55:15.853 [main] INFO -o.s.d.r.c.RepositoryConfigurationDelegate - Finished Spring Data repository scanning in 43ms. Found 1 repository interfaces.
2019-07-11 21:55:16.043 [main] INFO -o.s.c.s.PostProcessorRegistrationDelegate$BeanPostProcessorChecker - Bean 'org.springframework.transaction.annotation.ProxyTransactionManagementConfiguration' of type [org.springframework.transaction.annotation.ProxyTransactionManagementConfiguration$$EnhancerBySpringCGLIB$$1e803926] is not eligible for getting processed by all BeanPostProcessors (for example: not eligible for auto-proxying)
2019-07-11 21:55:16.236 [main] INFO -o.s.b.w.e.t.TomcatWebServer - Tomcat initialized with port(s): 8080 (http)
2019-07-11 21:55:16.246 [main] INFO -o.a.c.h.Http11NioProtocol - Initializing ProtocolHandler ["http-nio-8080"]
2019-07-11 21:55:16.253 [main] INFO -o.a.c.c.StandardService - Starting service [Tomcat]
2019-07-11 21:55:16.253 [main] INFO -o.a.c.c.StandardEngine - Starting Servlet engine: [Apache Tomcat/9.0.19]
2019-07-11 21:55:16.340 [main] INFO -o.a.c.c.C.[.[.[/] - Initializing Spring embedded WebApplicationContext
2019-07-11 21:55:16.340 [main] INFO -o.s.w.c.ContextLoader - Root WebApplicationContext: initialization completed in 1001 ms
2019-07-11 21:55:16.503 [main] INFO -c.a.d.p.DruidDataSource - {dataSource-1} inited
2019-07-11 21:55:16.659 [main] INFO -o.h.j.i.u.LogHelper - HHH000204: Processing PersistenceUnitInfo [
	name: default
	...]
2019-07-11 21:55:16.696 [main] INFO -o.h.Version - HHH000412: Hibernate Core {5.3.10.Final}
2019-07-11 21:55:16.697 [main] INFO -o.h.c.Environment - HHH000206: hibernate.properties not found
2019-07-11 21:55:16.775 [main] INFO -o.h.a.c.Version - HCANN000001: Hibernate Commons Annotations {5.0.4.Final}
2019-07-11 21:55:16.855 [main] INFO -o.h.d.Dialect - HHH000400: Using dialect: org.hibernate.dialect.MySQL5Dialect
2019-07-11 21:55:17.196 [main] INFO -o.s.o.j.LocalContainerEntityManagerFactoryBean - Initialized JPA EntityManagerFactory for persistence unit 'default'
2019-07-11 21:55:17.505 [main] INFO -o.s.s.c.ThreadPoolTaskExecutor - Initializing ExecutorService 'applicationTaskExecutor'
2019-07-11 21:55:17.656 [main] INFO -o.a.c.h.Http11NioProtocol - Starting ProtocolHandler ["http-nio-8080"]
2019-07-11 21:55:17.675 [main] INFO -o.s.b.w.e.t.TomcatWebServer - Tomcat started on port(s): 8080 (http) with context path ''
2019-07-11 21:55:17.677 [main] INFO -c.y.j.JpademoApplication - Started JpademoApplication in 2.778 seconds (JVM running for 3.573)
2019-07-11 21:55:41.891 [main] INFO -c.y.j.JpademoApplication - Starting JpademoApplication on DESKTOP-7PJL8GN with PID 18012 (D:\mywork\jpademo\target\classes started by 圣 in D:\mywork\jpademo)
2019-07-11 21:55:41.894 [main] INFO -c.y.j.JpademoApplication - No active profile set, falling back to default profiles: default
2019-07-11 21:55:42.388 [main] INFO -o.s.d.r.c.RepositoryConfigurationDelegate - Bootstrapping Spring Data repositories in DEFAULT mode.
2019-07-11 21:55:42.436 [main] INFO -o.s.d.r.c.RepositoryConfigurationDelegate - Finished Spring Data repository scanning in 42ms. Found 1 repository interfaces.
2019-07-11 21:55:42.644 [main] INFO -o.s.c.s.PostProcessorRegistrationDelegate$BeanPostProcessorChecker - Bean 'org.springframework.transaction.annotation.ProxyTransactionManagementConfiguration' of type [org.springframework.transaction.annotation.ProxyTransactionManagementConfiguration$$EnhancerBySpringCGLIB$$a1208003] is not eligible for getting processed by all BeanPostProcessors (for example: not eligible for auto-proxying)
2019-07-11 21:55:42.841 [main] INFO -o.s.b.w.e.t.TomcatWebServer - Tomcat initialized with port(s): 8080 (http)
2019-07-11 21:55:42.852 [main] INFO -o.a.c.h.Http11NioProtocol - Initializing ProtocolHandler ["http-nio-8080"]
2019-07-11 21:55:42.858 [main] INFO -o.a.c.c.StandardService - Starting service [Tomcat]
2019-07-11 21:55:42.858 [main] INFO -o.a.c.c.StandardEngine - Starting Servlet engine: [Apache Tomcat/9.0.19]
2019-07-11 21:55:42.950 [main] INFO -o.a.c.c.C.[.[.[/] - Initializing Spring embedded WebApplicationContext
2019-07-11 21:55:42.950 [main] INFO -o.s.w.c.ContextLoader - Root WebApplicationContext: initialization completed in 1018 ms
2019-07-11 21:55:43.114 [main] INFO -c.a.d.p.DruidDataSource - {dataSource-1} inited
2019-07-11 21:55:43.270 [main] INFO -o.h.j.i.u.LogHelper - HHH000204: Processing PersistenceUnitInfo [
	name: default
	...]
2019-07-11 21:55:43.313 [main] INFO -o.h.Version - HHH000412: Hibernate Core {5.3.10.Final}
2019-07-11 21:55:43.314 [main] INFO -o.h.c.Environment - HHH000206: hibernate.properties not found
2019-07-11 21:55:43.392 [main] INFO -o.h.a.c.Version - HCANN000001: Hibernate Commons Annotations {5.0.4.Final}
2019-07-11 21:55:43.472 [main] INFO -o.h.d.Dialect - HHH000400: Using dialect: org.hibernate.dialect.MySQL5Dialect
2019-07-11 21:55:43.808 [main] INFO -o.s.o.j.LocalContainerEntityManagerFactoryBean - Initialized JPA EntityManagerFactory for persistence unit 'default'
2019-07-11 21:55:44.106 [main] INFO -o.s.s.c.ThreadPoolTaskExecutor - Initializing ExecutorService 'applicationTaskExecutor'
2019-07-11 21:55:44.256 [main] INFO -o.a.c.h.Http11NioProtocol - Starting ProtocolHandler ["http-nio-8080"]
2019-07-11 21:55:44.274 [main] INFO -o.s.b.w.e.t.TomcatWebServer - Tomcat started on port(s): 8080 (http) with context path ''
2019-07-11 21:55:44.275 [main] INFO -c.y.j.JpademoApplication - Started JpademoApplication in 2.749 seconds (JVM running for 3.534)
2019-07-11 21:56:01.746 [http-nio-8080-exec-4] INFO -o.a.c.c.C.[.[.[/] - Initializing Spring DispatcherServlet 'dispatcherServlet'
2019-07-11 21:56:01.746 [http-nio-8080-exec-4] INFO -o.s.w.s.DispatcherServlet - Initializing Servlet 'dispatcherServlet'
2019-07-11 21:56:01.755 [http-nio-8080-exec-4] INFO -o.s.w.s.DispatcherServlet - Completed initialization in 9 ms
2019-07-11 21:57:08.836 [main] INFO -c.y.j.JpademoApplication - Starting JpademoApplication on DESKTOP-7PJL8GN with PID 9308 (D:\mywork\jpademo\target\classes started by 圣 in D:\mywork\jpademo)
2019-07-11 21:57:08.838 [main] INFO -c.y.j.JpademoApplication - No active profile set, falling back to default profiles: default
2019-07-11 21:57:09.326 [main] INFO -o.s.d.r.c.RepositoryConfigurationDelegate - Bootstrapping Spring Data repositories in DEFAULT mode.
2019-07-11 21:57:09.373 [main] INFO -o.s.d.r.c.RepositoryConfigurationDelegate - Finished Spring Data repository scanning in 42ms. Found 1 repository interfaces.
2019-07-11 21:57:09.563 [main] INFO -o.s.c.s.PostProcessorRegistrationDelegate$BeanPostProcessorChecker - Bean 'org.springframework.transaction.annotation.ProxyTransactionManagementConfiguration' of type [org.springframework.transaction.annotation.ProxyTransactionManagementConfiguration$$EnhancerBySpringCGLIB$$2a348549] is not eligible for getting processed by all BeanPostProcessors (for example: not eligible for auto-proxying)
2019-07-11 21:57:09.754 [main] INFO -o.s.b.w.e.t.TomcatWebServer - Tomcat initialized with port(s): 8080 (http)
2019-07-11 21:57:09.764 [main] INFO -o.a.c.h.Http11NioProtocol - Initializing ProtocolHandler ["http-nio-8080"]
2019-07-11 21:57:09.771 [main] INFO -o.a.c.c.StandardService - Starting service [Tomcat]
2019-07-11 21:57:09.771 [main] INFO -o.a.c.c.StandardEngine - Starting Servlet engine: [Apache Tomcat/9.0.19]
2019-07-11 21:57:09.861 [main] INFO -o.a.c.c.C.[.[.[/] - Initializing Spring embedded WebApplicationContext
2019-07-11 21:57:09.861 [main] INFO -o.s.w.c.ContextLoader - Root WebApplicationContext: initialization completed in 985 ms
2019-07-11 21:57:10.029 [main] INFO -c.a.d.p.DruidDataSource - {dataSource-1} inited
2019-07-11 21:57:10.197 [main] INFO -o.h.j.i.u.LogHelper - HHH000204: Processing PersistenceUnitInfo [
	name: default
	...]
2019-07-11 21:57:10.236 [main] INFO -o.h.Version - HHH000412: Hibernate Core {5.3.10.Final}
2019-07-11 21:57:10.237 [main] INFO -o.h.c.Environment - HHH000206: hibernate.properties not found
2019-07-11 21:57:10.313 [main] INFO -o.h.a.c.Version - HCANN000001: Hibernate Commons Annotations {5.0.4.Final}
2019-07-11 21:57:10.392 [main] INFO -o.h.d.Dialect - HHH000400: Using dialect: org.hibernate.dialect.MySQL5Dialect
2019-07-11 21:57:10.721 [main] INFO -o.s.o.j.LocalContainerEntityManagerFactoryBean - Initialized JPA EntityManagerFactory for persistence unit 'default'
2019-07-11 21:57:11.029 [main] INFO -o.s.s.c.ThreadPoolTaskExecutor - Initializing ExecutorService 'applicationTaskExecutor'
2019-07-11 21:57:11.179 [main] INFO -o.a.c.h.Http11NioProtocol - Starting ProtocolHandler ["http-nio-8080"]
2019-07-11 21:57:11.208 [main] INFO -o.s.b.w.e.t.TomcatWebServer - Tomcat started on port(s): 8080 (http) with context path ''
2019-07-11 21:57:11.210 [main] INFO -c.y.j.JpademoApplication - Started JpademoApplication in 2.73 seconds (JVM running for 3.504)
2019-07-11 21:58:25.287 [http-nio-8080-exec-2] INFO -o.a.c.c.C.[.[.[/] - Initializing Spring DispatcherServlet 'dispatcherServlet'
2019-07-11 21:58:25.287 [http-nio-8080-exec-2] INFO -o.s.w.s.DispatcherServlet - Initializing Servlet 'dispatcherServlet'
2019-07-11 21:58:25.291 [http-nio-8080-exec-2] INFO -o.s.w.s.DispatcherServlet - Completed initialization in 4 ms
