2019-06-27 22:38:33.932 [main] INFO -c.y.j.JpademoApplication - Starting JpademoApplication on DESKTOP-7PJL8GN with PID 2576 (D:\mywork\jpademo\target\classes started by 圣 in D:\mywork\jpademo)
2019-06-27 22:38:33.935 [main] INFO -c.y.j.JpademoApplication - No active profile set, falling back to default profiles: default
2019-06-27 22:38:34.486 [main] INFO -o.s.d.r.c.RepositoryConfigurationDelegate - Bootstrapping Spring Data repositories in DEFAULT mode.
2019-06-27 22:38:34.536 [main] INFO -o.s.d.r.c.RepositoryConfigurationDelegate - Finished Spring Data repository scanning in 43ms. Found 1 repository interfaces.
2019-06-27 22:38:34.742 [main] INFO -o.s.c.s.PostProcessorRegistrationDelegate$BeanPostProcessorChecker - Bean 'org.springframework.transaction.annotation.ProxyTransactionManagementConfiguration' of type [org.springframework.transaction.annotation.ProxyTransactionManagementConfiguration$$EnhancerBySpringCGLIB$$f1d4bb2] is not eligible for getting processed by all BeanPostProcessors (for example: not eligible for auto-proxying)
2019-06-27 22:38:34.939 [main] INFO -o.s.b.w.e.t.TomcatWebServer - Tomcat initialized with port(s): 8080 (http)
2019-06-27 22:38:34.949 [main] INFO -o.a.c.h.Http11NioProtocol - Initializing ProtocolHandler ["http-nio-8080"]
2019-06-27 22:38:34.955 [main] INFO -o.a.c.c.StandardService - Starting service [Tomcat]
2019-06-27 22:38:34.955 [main] INFO -o.a.c.c.StandardEngine - Starting Servlet engine: [Apache Tomcat/9.0.19]
2019-06-27 22:38:35.079 [main] INFO -o.a.c.c.C.[.[.[/] - Initializing Spring embedded WebApplicationContext
2019-06-27 22:38:35.079 [main] INFO -o.s.w.c.ContextLoader - Root WebApplicationContext: initialization completed in 1102 ms
2019-06-27 22:38:35.292 [main] INFO -c.a.d.p.DruidDataSource - {dataSource-1} inited
2019-06-27 22:38:35.467 [main] INFO -o.h.j.i.u.LogHelper - HHH000204: Processing PersistenceUnitInfo [
	name: default
	...]
2019-06-27 22:38:35.506 [main] INFO -o.h.Version - HHH000412: Hibernate Core {5.3.10.Final}
2019-06-27 22:38:35.507 [main] INFO -o.h.c.Environment - HHH000206: hibernate.properties not found
2019-06-27 22:38:35.594 [main] INFO -o.h.a.c.Version - HCANN000001: Hibernate Commons Annotations {5.0.4.Final}
2019-06-27 22:38:35.677 [main] INFO -o.h.d.Dialect - HHH000400: Using dialect: org.hibernate.dialect.MySQL5Dialect
2019-06-27 22:38:36.033 [main] INFO -o.s.o.j.LocalContainerEntityManagerFactoryBean - Initialized JPA EntityManagerFactory for persistence unit 'default'
2019-06-27 22:38:36.334 [main] INFO -o.s.s.c.ThreadPoolTaskExecutor - Initializing ExecutorService 'applicationTaskExecutor'
2019-06-27 22:38:36.484 [main] INFO -o.a.c.h.Http11NioProtocol - Starting ProtocolHandler ["http-nio-8080"]
2019-06-27 22:38:36.501 [main] INFO -o.s.b.w.e.t.TomcatWebServer - Tomcat started on port(s): 8080 (http) with context path ''
2019-06-27 22:38:36.502 [main] INFO -c.y.j.JpademoApplication - Started JpademoApplication in 2.921 seconds (JVM running for 3.763)
2019-06-27 22:38:42.399 [http-nio-8080-exec-3] INFO -o.a.c.c.C.[.[.[/] - Initializing Spring DispatcherServlet 'dispatcherServlet'
2019-06-27 22:38:42.399 [http-nio-8080-exec-3] INFO -o.s.w.s.DispatcherServlet - Initializing Servlet 'dispatcherServlet'
2019-06-27 22:38:42.404 [http-nio-8080-exec-3] INFO -o.s.w.s.DispatcherServlet - Completed initialization in 5 ms
2019-06-27 22:38:42.422 [http-nio-8080-exec-3] INFO -c.y.j.w.c.LoginUserController - 访问查询所有用户
2019-06-27 22:38:42.456 [http-nio-8080-exec-3] INFO -o.h.h.i.QueryTranslatorFactoryInitiator - HHH000397: Using ASTQueryTranslatorFactory
2019-06-27 22:39:11.915 [main] INFO -c.y.j.JpademoApplication - Starting JpademoApplication on DESKTOP-7PJL8GN with PID 7816 (D:\mywork\jpademo\target\classes started by 圣 in D:\mywork\jpademo)
2019-06-27 22:39:11.918 [main] INFO -c.y.j.JpademoApplication - No active profile set, falling back to default profiles: default
2019-06-27 22:39:12.689 [main] INFO -o.s.d.r.c.RepositoryConfigurationDelegate - Bootstrapping Spring Data repositories in DEFAULT mode.
2019-06-27 22:39:12.752 [main] INFO -o.s.d.r.c.RepositoryConfigurationDelegate - Finished Spring Data repository scanning in 56ms. Found 1 repository interfaces.
2019-06-27 22:39:13.003 [main] INFO -o.s.c.s.PostProcessorRegistrationDelegate$BeanPostProcessorChecker - Bean 'org.springframework.transaction.annotation.ProxyTransactionManagementConfiguration' of type [org.springframework.transaction.annotation.ProxyTransactionManagementConfiguration$$EnhancerBySpringCGLIB$$5b9e64e9] is not eligible for getting processed by all BeanPostProcessors (for example: not eligible for auto-proxying)
2019-06-27 22:39:13.211 [main] INFO -o.s.b.w.e.t.TomcatWebServer - Tomcat initialized with port(s): 8080 (http)
2019-06-27 22:39:13.225 [main] INFO -o.a.c.h.Http11NioProtocol - Initializing ProtocolHandler ["http-nio-8080"]
2019-06-27 22:39:13.234 [main] INFO -o.a.c.c.StandardService - Starting service [Tomcat]
2019-06-27 22:39:13.234 [main] INFO -o.a.c.c.StandardEngine - Starting Servlet engine: [Apache Tomcat/9.0.19]
2019-06-27 22:39:13.388 [main] INFO -o.a.c.c.C.[.[.[/] - Initializing Spring embedded WebApplicationContext
2019-06-27 22:39:13.388 [main] INFO -o.s.w.c.ContextLoader - Root WebApplicationContext: initialization completed in 1423 ms
2019-06-27 22:39:13.705 [main] INFO -c.a.d.p.DruidDataSource - {dataSource-1} inited
2019-06-27 22:39:13.919 [main] INFO -o.h.j.i.u.LogHelper - HHH000204: Processing PersistenceUnitInfo [
	name: default
	...]
2019-06-27 22:39:13.974 [main] INFO -o.h.Version - HHH000412: Hibernate Core {5.3.10.Final}
2019-06-27 22:39:13.975 [main] INFO -o.h.c.Environment - HHH000206: hibernate.properties not found
2019-06-27 22:39:14.081 [main] INFO -o.h.a.c.Version - HCANN000001: Hibernate Commons Annotations {5.0.4.Final}
2019-06-27 22:39:14.182 [main] INFO -o.h.d.Dialect - HHH000400: Using dialect: org.hibernate.dialect.MySQL5Dialect
2019-06-27 22:39:14.566 [main] INFO -o.s.o.j.LocalContainerEntityManagerFactoryBean - Initialized JPA EntityManagerFactory for persistence unit 'default'
2019-06-27 22:39:14.896 [main] INFO -o.s.s.c.ThreadPoolTaskExecutor - Initializing ExecutorService 'applicationTaskExecutor'
2019-06-27 22:39:15.055 [main] INFO -o.a.c.h.Http11NioProtocol - Starting ProtocolHandler ["http-nio-8080"]
2019-06-27 22:39:15.072 [main] INFO -o.s.b.w.e.t.TomcatWebServer - Tomcat started on port(s): 8080 (http) with context path ''
2019-06-27 22:39:15.074 [main] INFO -c.y.j.JpademoApplication - Started JpademoApplication in 3.679 seconds (JVM running for 4.577)
2019-06-27 22:39:31.397 [http-nio-8080-exec-2] INFO -o.a.c.c.C.[.[.[/] - Initializing Spring DispatcherServlet 'dispatcherServlet'
2019-06-27 22:39:31.397 [http-nio-8080-exec-2] INFO -o.s.w.s.DispatcherServlet - Initializing Servlet 'dispatcherServlet'
2019-06-27 22:39:31.402 [http-nio-8080-exec-2] INFO -o.s.w.s.DispatcherServlet - Completed initialization in 5 ms
2019-06-27 22:39:31.419 [http-nio-8080-exec-2] INFO -c.y.j.w.c.LoginUserController - 访问查询所有用户info
2019-06-27 22:39:31.455 [http-nio-8080-exec-2] INFO -o.h.h.i.QueryTranslatorFactoryInitiator - HHH000397: Using ASTQueryTranslatorFactory
