2019-07-11 22:21:31.527 [main] WARN -o.s.b.a.o.j.JpaBaseConfiguration$JpaWebConfiguration$JpaWebMvcConfiguration - spring.jpa.open-in-view is enabled by default. Therefore, database queries may be performed during view rendering. Explicitly configure spring.jpa.open-in-view to disable this warning
2019-07-11 22:24:14.969 [http-nio-8080-exec-2] WARN -o.s.w.s.m.s.DefaultHandlerExceptionResolver - Resolved [org.springframework.web.bind.MethodArgumentNotValidException: Validation failed for argument [0] in public void cn.yoursky.jpademo.web.controller.LoginUserController.add(cn.yoursky.jpademo.entity.dto.LoginUserDto) with 2 errors: [Field error in object 'loginUserDto' on field 'password': rejected value [123111111111111]; codes [Length.loginUserDto.password,Length.password,Length.java.lang.String,Length]; arguments [org.springframework.context.support.DefaultMessageSourceResolvable: codes [loginUserDto.password,password]; arguments []; default message [password],10,6]; default message [长度需要在6和10之间]] [Field error in object 'loginUserDto' on field 'testValidator': rejected value [2]; codes [TestValidator.loginUserDto.testValidator,TestValidator.testValidator,TestValidator.java.lang.String,TestValidator]; arguments [org.springframework.context.support.DefaultMessageSourceResolvable: codes [loginUserDto.testValidator,testValidator]; arguments []; default message [testValidator],org.springframework.validation.beanvalidation.SpringValidatorAdapter$ResolvableAttribute@261f4269]; default message [你输入的值不存在]] ]
2019-07-11 22:24:40.691 [http-nio-8080-exec-5] WARN -o.s.w.s.m.s.DefaultHandlerExceptionResolver - Resolved [org.springframework.web.bind.MethodArgumentNotValidException: Validation failed for argument [0] in public void cn.yoursky.jpademo.web.controller.LoginUserController.add(cn.yoursky.jpademo.entity.dto.LoginUserDto): [Field error in object 'loginUserDto' on field 'testValidator': rejected value [6]; codes [TestValidator.loginUserDto.testValidator,TestValidator.testValidator,TestValidator.java.lang.String,TestValidator]; arguments [org.springframework.context.support.DefaultMessageSourceResolvable: codes [loginUserDto.testValidator,testValidator]; arguments []; default message [testValidator],org.springframework.validation.beanvalidation.SpringValidatorAdapter$ResolvableAttribute@4de0f986]; default message [你输入的值不存在]] ]
2019-07-11 22:50:37.607 [main] WARN -o.s.b.a.o.j.JpaBaseConfiguration$JpaWebConfiguration$JpaWebMvcConfiguration - spring.jpa.open-in-view is enabled by default. Therefore, database queries may be performed during view rendering. Explicitly configure spring.jpa.open-in-view to disable this warning
2019-07-11 22:51:01.513 [http-nio-8080-exec-1] ERROR-o.a.c.c.C.[.[.[.[dispatcherServlet] - Servlet.service() for servlet [dispatcherServlet] in context with path [] threw exception [Request processing failed; nested exception is javax.validation.ConstraintDefinitionException: HV000243: Constraint cn.yoursky.jpademo.validator.UsernameValidator references constraint validator type cn.yoursky.jpademo.validator.UserNameValidatorClass, but this validator is defined for constraint type cn.yoursky.jpademo.validator.TestValidator.] with root cause
javax.validation.ConstraintDefinitionException: HV000243: Constraint cn.yoursky.jpademo.validator.UsernameValidator references constraint validator type cn.yoursky.jpademo.validator.UserNameValidatorClass, but this validator is defined for constraint type cn.yoursky.jpademo.validator.TestValidator.
	at org.hibernate.validator.internal.engine.constraintvalidation.ClassBasedValidatorDescriptor.of(ClassBasedValidatorDescriptor.java:48)
	at org.hibernate.validator.internal.engine.constraintvalidation.ConstraintValidatorDescriptor.forClass(ConstraintValidatorDescriptor.java:49)
	at org.hibernate.validator.internal.metadata.core.ConstraintHelper.lambda$getDefaultValidatorDescriptors$6(ConstraintHelper.java:1001)
	at java.util.stream.ReferencePipeline$3$1.accept(ReferencePipeline.java:193)
	at java.util.Spliterators$ArraySpliterator.forEachRemaining(Spliterators.java:948)
	at java.util.stream.AbstractPipeline.copyInto(AbstractPipeline.java:481)
	at java.util.stream.AbstractPipeline.wrapAndCopyInto(AbstractPipeline.java:471)
	at java.util.stream.ReduceOps$ReduceOp.evaluateSequential(ReduceOps.java:708)
	at java.util.stream.AbstractPipeline.evaluate(AbstractPipeline.java:234)
	at java.util.stream.ReferencePipeline.collect(ReferencePipeline.java:499)
	at org.hibernate.validator.internal.metadata.core.ConstraintHelper.getDefaultValidatorDescriptors(ConstraintHelper.java:1002)
	at org.hibernate.validator.internal.metadata.core.ConstraintHelper.lambda$getAllValidatorDescriptors$2(ConstraintHelper.java:730)
	at java.util.concurrent.ConcurrentHashMap.computeIfAbsent(ConcurrentHashMap.java:1660)
	at org.hibernate.validator.internal.metadata.core.ConstraintHelper$ValidatorDescriptorMap.computeIfAbsent(ConstraintHelper.java:1043)
	at org.hibernate.validator.internal.metadata.core.ConstraintHelper$ValidatorDescriptorMap.access$100(ConstraintHelper.java:1033)
	at org.hibernate.validator.internal.metadata.core.ConstraintHelper.getAllValidatorDescriptors(ConstraintHelper.java:730)
	at org.hibernate.validator.internal.metadata.core.ConstraintHelper.findValidatorDescriptors(ConstraintHelper.java:744)
	at org.hibernate.validator.internal.metadata.core.ConstraintHelper.assertValidationAppliesToParameterSetUpCorrectly(ConstraintHelper.java:923)
	at org.hibernate.validator.internal.metadata.core.ConstraintHelper.lambda$isConstraintAnnotation$5(ConstraintHelper.java:864)
	at java.util.concurrent.ConcurrentHashMap.computeIfAbsent(ConcurrentHashMap.java:1660)
	at org.hibernate.validator.internal.metadata.core.ConstraintHelper.isConstraintAnnotation(ConstraintHelper.java:860)
	at org.hibernate.validator.internal.metadata.provider.AnnotationMetaDataProvider.findConstraintAnnotations(AnnotationMetaDataProvider.java:507)
	at org.hibernate.validator.internal.metadata.provider.AnnotationMetaDataProvider.findConstraints(AnnotationMetaDataProvider.java:461)
	at org.hibernate.validator.internal.metadata.provider.AnnotationMetaDataProvider.findPropertyMetaData(AnnotationMetaDataProvider.java:232)
	at org.hibernate.validator.internal.metadata.provider.AnnotationMetaDataProvider.getFieldMetaData(AnnotationMetaDataProvider.java:225)
	at org.hibernate.validator.internal.metadata.provider.AnnotationMetaDataProvider.retrieveBeanConfiguration(AnnotationMetaDataProvider.java:133)
	at org.hibernate.validator.internal.metadata.provider.AnnotationMetaDataProvider.getBeanConfiguration(AnnotationMetaDataProvider.java:124)
	at org.hibernate.validator.internal.metadata.BeanMetaDataManager.getBeanConfigurationForHierarchy(BeanMetaDataManager.java:232)
	at org.hibernate.validator.internal.metadata.BeanMetaDataManager.createBeanMetaData(BeanMetaDataManager.java:199)
	at org.hibernate.validator.internal.metadata.BeanMetaDataManager.getBeanMetaData(BeanMetaDataManager.java:166)
	at org.hibernate.validator.internal.engine.ValidatorImpl.validate(ValidatorImpl.java:157)
	at org.springframework.validation.beanvalidation.SpringValidatorAdapter.validate(SpringValidatorAdapter.java:116)
	at org.springframework.boot.autoconfigure.validation.ValidatorAdapter.validate(ValidatorAdapter.java:71)
	at org.springframework.validation.DataBinder.validate(DataBinder.java:889)
	at org.springframework.web.servlet.mvc.method.annotation.AbstractMessageConverterMethodArgumentResolver.validateIfApplicable(AbstractMessageConverterMethodArgumentResolver.java:265)
	at org.springframework.web.servlet.mvc.method.annotation.RequestResponseBodyMethodProcessor.resolveArgument(RequestResponseBodyMethodProcessor.java:136)
	at org.springframework.web.method.support.HandlerMethodArgumentResolverComposite.resolveArgument(HandlerMethodArgumentResolverComposite.java:126)
	at org.springframework.web.method.support.InvocableHandlerMethod.getMethodArgumentValues(InvocableHandlerMethod.java:167)
	at org.springframework.web.method.support.InvocableHandlerMethod.invokeForRequest(InvocableHandlerMethod.java:134)
	at org.springframework.web.servlet.mvc.method.annotation.ServletInvocableHandlerMethod.invokeAndHandle(ServletInvocableHandlerMethod.java:104)
	at org.springframework.web.servlet.mvc.method.annotation.RequestMappingHandlerAdapter.invokeHandlerMethod(RequestMappingHandlerAdapter.java:892)
	at org.springframework.web.servlet.mvc.method.annotation.RequestMappingHandlerAdapter.handleInternal(RequestMappingHandlerAdapter.java:797)
	at org.springframework.web.servlet.mvc.method.AbstractHandlerMethodAdapter.handle(AbstractHandlerMethodAdapter.java:87)
	at org.springframework.web.servlet.DispatcherServlet.doDispatch(DispatcherServlet.java:1039)
	at org.springframework.web.servlet.DispatcherServlet.doService(DispatcherServlet.java:942)
	at org.springframework.web.servlet.FrameworkServlet.processRequest(FrameworkServlet.java:1005)
	at org.springframework.web.servlet.FrameworkServlet.doPost(FrameworkServlet.java:908)
	at javax.servlet.http.HttpServlet.service(HttpServlet.java:660)
	at org.springframework.web.servlet.FrameworkServlet.service(FrameworkServlet.java:882)
	at javax.servlet.http.HttpServlet.service(HttpServlet.java:741)
	at org.apache.catalina.core.ApplicationFilterChain.internalDoFilter(ApplicationFilterChain.java:231)
	at org.apache.catalina.core.ApplicationFilterChain.doFilter(ApplicationFilterChain.java:166)
	at org.apache.tomcat.websocket.server.WsFilter.doFilter(WsFilter.java:53)
	at org.apache.catalina.core.ApplicationFilterChain.internalDoFilter(ApplicationFilterChain.java:193)
	at org.apache.catalina.core.ApplicationFilterChain.doFilter(ApplicationFilterChain.java:166)
	at com.alibaba.druid.support.http.WebStatFilter.doFilter(WebStatFilter.java:123)
	at org.apache.catalina.core.ApplicationFilterChain.internalDoFilter(ApplicationFilterChain.java:193)
	at org.apache.catalina.core.ApplicationFilterChain.doFilter(ApplicationFilterChain.java:166)
	at org.springframework.web.filter.RequestContextFilter.doFilterInternal(RequestContextFilter.java:99)
	at org.springframework.web.filter.OncePerRequestFilter.doFilter(OncePerRequestFilter.java:107)
	at org.apache.catalina.core.ApplicationFilterChain.internalDoFilter(ApplicationFilterChain.java:193)
	at org.apache.catalina.core.ApplicationFilterChain.doFilter(ApplicationFilterChain.java:166)
	at org.springframework.web.filter.FormContentFilter.doFilterInternal(FormContentFilter.java:92)
	at org.springframework.web.filter.OncePerRequestFilter.doFilter(OncePerRequestFilter.java:107)
	at org.apache.catalina.core.ApplicationFilterChain.internalDoFilter(ApplicationFilterChain.java:193)
	at org.apache.catalina.core.ApplicationFilterChain.doFilter(ApplicationFilterChain.java:166)
	at org.springframework.web.filter.HiddenHttpMethodFilter.doFilterInternal(HiddenHttpMethodFilter.java:93)
	at org.springframework.web.filter.OncePerRequestFilter.doFilter(OncePerRequestFilter.java:107)
	at org.apache.catalina.core.ApplicationFilterChain.internalDoFilter(ApplicationFilterChain.java:193)
	at org.apache.catalina.core.ApplicationFilterChain.doFilter(ApplicationFilterChain.java:166)
	at org.springframework.web.filter.CharacterEncodingFilter.doFilterInternal(CharacterEncodingFilter.java:200)
	at org.springframework.web.filter.OncePerRequestFilter.doFilter(OncePerRequestFilter.java:107)
	at org.apache.catalina.core.ApplicationFilterChain.internalDoFilter(ApplicationFilterChain.java:193)
	at org.apache.catalina.core.ApplicationFilterChain.doFilter(ApplicationFilterChain.java:166)
	at org.apache.catalina.core.StandardWrapperValve.invoke(StandardWrapperValve.java:200)
	at org.apache.catalina.core.StandardContextValve.invoke(StandardContextValve.java:96)
	at org.apache.catalina.authenticator.AuthenticatorBase.invoke(AuthenticatorBase.java:490)
	at org.apache.catalina.core.StandardHostValve.invoke(StandardHostValve.java:139)
	at org.apache.catalina.valves.ErrorReportValve.invoke(ErrorReportValve.java:92)
	at org.apache.catalina.core.StandardEngineValve.invoke(StandardEngineValve.java:74)
	at org.apache.catalina.connector.CoyoteAdapter.service(CoyoteAdapter.java:343)
	at org.apache.coyote.http11.Http11Processor.service(Http11Processor.java:408)
	at org.apache.coyote.AbstractProcessorLight.process(AbstractProcessorLight.java:66)
	at org.apache.coyote.AbstractProtocol$ConnectionHandler.process(AbstractProtocol.java:836)
	at org.apache.tomcat.util.net.NioEndpoint$SocketProcessor.doRun(NioEndpoint.java:1747)
	at org.apache.tomcat.util.net.SocketProcessorBase.run(SocketProcessorBase.java:49)
	at java.util.concurrent.ThreadPoolExecutor.runWorker(ThreadPoolExecutor.java:1149)
	at java.util.concurrent.ThreadPoolExecutor$Worker.run(ThreadPoolExecutor.java:624)
	at org.apache.tomcat.util.threads.TaskThread$WrappingRunnable.run(TaskThread.java:61)
	at java.lang.Thread.run(Thread.java:748)
2019-07-11 22:52:21.161 [main] WARN -o.s.b.a.o.j.JpaBaseConfiguration$JpaWebConfiguration$JpaWebMvcConfiguration - spring.jpa.open-in-view is enabled by default. Therefore, database queries may be performed during view rendering. Explicitly configure spring.jpa.open-in-view to disable this warning
2019-07-11 22:52:32.484 [http-nio-8080-exec-1] WARN -o.s.w.s.m.s.DefaultHandlerExceptionResolver - Resolved [org.springframework.web.bind.MethodArgumentNotValidException: Validation failed for argument [0] in public void cn.yoursky.jpademo.web.controller.LoginUserController.add(cn.yoursky.jpademo.entity.dto.LoginUserDto) with 2 errors: [Field error in object 'loginUserDto' on field 'testValidator': rejected value [6]; codes [TestValidator.loginUserDto.testValidator,TestValidator.testValidator,TestValidator.java.lang.String,TestValidator]; arguments [org.springframework.context.support.DefaultMessageSourceResolvable: codes [loginUserDto.testValidator,testValidator]; arguments []; default message [testValidator],org.springframework.validation.beanvalidation.SpringValidatorAdapter$ResolvableAttribute@72d4da1a]; default message [你输入的值不存在]] [Field error in object 'loginUserDto' on field 'username': rejected value [uuuuuau]; codes [UsernameValidator.loginUserDto.username,UsernameValidator.username,UsernameValidator.java.lang.String,UsernameValidator]; arguments [org.springframework.context.support.DefaultMessageSourceResolvable: codes [loginUserDto.username,username]; arguments []; default message [username]]; default message [用户名重复]] ]
2019-07-11 22:52:45.135 [http-nio-8080-exec-4] WARN -o.s.w.s.m.s.DefaultHandlerExceptionResolver - Resolved [org.springframework.web.bind.MethodArgumentNotValidException: Validation failed for argument [0] in public void cn.yoursky.jpademo.web.controller.LoginUserController.add(cn.yoursky.jpademo.entity.dto.LoginUserDto): [Field error in object 'loginUserDto' on field 'username': rejected value [uuuuuau]; codes [UsernameValidator.loginUserDto.username,UsernameValidator.username,UsernameValidator.java.lang.String,UsernameValidator]; arguments [org.springframework.context.support.DefaultMessageSourceResolvable: codes [loginUserDto.username,username]; arguments []; default message [username]]; default message [用户名重复]] ]
2019-07-11 22:53:27.334 [main] WARN -o.s.b.a.o.j.JpaBaseConfiguration$JpaWebConfiguration$JpaWebMvcConfiguration - spring.jpa.open-in-view is enabled by default. Therefore, database queries may be performed during view rendering. Explicitly configure spring.jpa.open-in-view to disable this warning
2019-07-11 22:53:33.958 [http-nio-8080-exec-1] WARN -o.s.w.s.m.s.DefaultHandlerExceptionResolver - Resolved [org.springframework.web.bind.MethodArgumentNotValidException: Validation failed for argument [0] in public void cn.yoursky.jpademo.web.controller.LoginUserController.add(cn.yoursky.jpademo.entity.dto.LoginUserDto): [Field error in object 'loginUserDto' on field 'username': rejected value [christmas]; codes [UsernameValidator.loginUserDto.username,UsernameValidator.username,UsernameValidator.java.lang.String,UsernameValidator]; arguments [org.springframework.context.support.DefaultMessageSourceResolvable: codes [loginUserDto.username,username]; arguments []; default message [username]]; default message [用户名重复]] ]
